# JRE version: Java(TM) SE Runtime Environment (8.0_231-b11) (build 1.8.0_231-b11)
# Java VM: Java HotSpot(TM) Client VM (25.231-b11 mixed mode windows-x86 )
Heap:
 def new generation   total 19712K, used 11665K [0x04c00000, 0x06160000, 0x0f6a0000)
  eden space 17536K,  64% used [0x04c00000, 0x0570bc70, 0x05d20000)
  from space 2176K,  16% used [0x05d20000, 0x05d78840, 0x05f40000)
  to   space 2176K,   0% used [0x05f40000, 0x05f40000, 0x06160000)
 tenured generation   total 43712K, used 16236K [0x0f6a0000, 0x12150000, 0x24c00000)
   the space 43712K,  37% used [0x0f6a0000, 0x1067b128, 0x1067b200, 0x12150000)
 Metaspace       used 14881K, capacity 15115K, committed 15232K, reserved 15744K
GC Heap History (10 events):
Event: 3.173 GC heap before
{Heap before GC invocations=4 (full 1):
 def new generation   total 19712K, used 18813K [0x04c00000, 0x06160000, 0x0f6a0000)
  eden space 17536K, 100% used [0x04c00000, 0x05d20000, 0x05d20000)
  from space 2176K,  58% used [0x05f40000, 0x0607f410, 0x06160000)
  to   space 2176K,   0% used [0x05d20000, 0x05d20000, 0x05f40000)
 tenured generation   total 43712K, used 5021K [0x0f6a0000, 0x12150000, 0x24c00000)
   the space 43712K,  11% used [0x0f6a0000, 0x0fb87598, 0x0fb87600, 0x12150000)
 Metaspace       used 13289K, capacity 13507K, committed 13568K, reserved 13696K
Event: 3.176 GC heap after
Heap after GC invocations=5 (full 1):
 def new generation   total 19712K, used 214K [0x04c00000, 0x06160000, 0x0f6a0000)
  eden space 17536K,   0% used [0x04c00000, 0x04c00000, 0x05d20000)
  from space 2176K,   9% used [0x05d20000, 0x05d55ba8, 0x05f40000)
  to   space 2176K,   0% used [0x05f40000, 0x05f40000, 0x06160000)
 tenured generation   total 43712K, used 5794K [0x0f6a0000, 0x12150000, 0x24c00000)
   the space 43712K,  13% used [0x0f6a0000, 0x0fc488a8, 0x0fc48a00, 0x12150000)
 Metaspace       used 13289K, capacity 13507K, committed 13568K, reserved 13696K
}
Event: 4.486 GC heap before
{Heap before GC invocations=5 (full 1):
 def new generation   total 19712K, used 17612K [0x04c00000, 0x06160000, 0x0f6a0000)
  eden space 17536K,  99% used [0x04c00000, 0x05cfd848, 0x05d20000)
  from space 2176K,   9% used [0x05d20000, 0x05d55ba8, 0x05f40000)
  to   space 2176K,   0% used [0x05f40000, 0x05f40000, 0x06160000)
 tenured generation   total 43712K, used 5794K [0x0f6a0000, 0x12150000, 0x24c00000)
   the space 43712K,  13% used [0x0f6a0000, 0x0fc488a8, 0x0fc48a00, 0x12150000)
 Metaspace       used 14077K, capacity 14315K, committed 14464K, reserved 14720K
Event: 4.503 GC heap after
Heap after GC invocations=6 (full 1):
 def new generation   total 19712K, used 1422K [0x04c00000, 0x06160000, 0x0f6a0000)
  eden space 17536K,   0% used [0x04c00000, 0x04c00000, 0x05d20000)
  from space 2176K,  65% used [0x05f40000, 0x060a3aa0, 0x06160000)
  to   space 2176K,   0% used [0x05d20000, 0x05d20000, 0x05f40000)
 tenured generation   total 43712K, used 13301K [0x0f6a0000, 0x12150000, 0x24c00000)
   the space 43712K,  30% used [0x0f6a0000, 0x1039d6b8, 0x1039d800, 0x12150000)
 Metaspace       used 14077K, capacity 14315K, committed 14464K, reserved 14720K
}
Event: 8.251 GC heap before
{Heap before GC invocations=6 (full 1):
 def new generation   total 19712K, used 18958K [0x04c00000, 0x06160000, 0x0f6a0000)
  eden space 17536K, 100% used [0x04c00000, 0x05d20000, 0x05d20000)
  from space 2176K,  65% used [0x05f40000, 0x060a3aa0, 0x06160000)
  to   space 2176K,   0% used [0x05d20000, 0x05d20000, 0x05f40000)
 tenured generation   total 43712K, used 13301K [0x0f6a0000, 0x12150000, 0x24c00000)
   the space 43712K,  30% used [0x0f6a0000, 0x1039d6b8, 0x1039d800, 0x12150000)
 Metaspace       used 14604K, capacity 14827K, committed 14976K, reserved 15744K
Event: 8.256 GC heap after
Heap after GC invocations=7 (full 1):
 def new generation   total 19712K, used 2176K [0x04c00000, 0x06160000, 0x0f6a0000)
  eden space 17536K,   0% used [0x04c00000, 0x04c00000, 0x05d20000)
  from space 2176K, 100% used [0x05d20000, 0x05f40000, 0x05f40000)
  to   space 2176K,   0% used [0x05f40000, 0x05f40000, 0x06160000)
 tenured generation   total 43712K, used 14651K [0x0f6a0000, 0x12150000, 0x24c00000)
   the space 43712K,  33% used [0x0f6a0000, 0x104eeea8, 0x104ef000, 0x12150000)
 Metaspace       used 14604K, capacity 14827K, committed 14976K, reserved 15744K
}
Event: 18.301 GC heap before
{Heap before GC invocations=7 (full 1):
 def new generation   total 19712K, used 14971K [0x04c00000, 0x06160000, 0x0f6a0000)
  eden space 17536K,  72% used [0x04c00000, 0x0587ede8, 0x05d20000)
  from space 2176K, 100% used [0x05d20000, 0x05f40000, 0x05f40000)
  to   space 2176K,   0% used [0x05f40000, 0x05f40000, 0x06160000)
 tenured generation   total 43712K, used 14651K [0x0f6a0000, 0x12150000, 0x24c00000)
   the space 43712K,  33% used [0x0f6a0000, 0x104eeea8, 0x104ef000, 0x12150000)
 Metaspace       used 14656K, capacity 14891K, committed 14976K, reserved 15744K
Event: 18.304 GC heap after
Heap after GC invocations=8 (full 1):
 def new generation   total 19712K, used 1099K [0x04c00000, 0x06160000, 0x0f6a0000)
  eden space 17536K,   0% used [0x04c00000, 0x04c00000, 0x05d20000)
  from space 2176K,  50% used [0x05f40000, 0x06052f70, 0x06160000)
  to   space 2176K,   0% used [0x05d20000, 0x05d20000, 0x05f40000)
 tenured generation   total 43712K, used 16075K [0x0f6a0000, 0x12150000, 0x24c00000)
   the space 43712K,  36% used [0x0f6a0000, 0x10652d20, 0x10652e00, 0x12150000)
 Metaspace       used 14656K, capacity 14891K, committed 14976K, reserved 15744K
}
Event: 21.970 GC heap before
{Heap before GC invocations=8 (full 1):
 def new generation   total 19712K, used 12524K [0x04c00000, 0x06160000, 0x0f6a0000)
  eden space 17536K,  65% used [0x04c00000, 0x057283f8, 0x05d20000)
  from space 2176K,  50% used [0x05f40000, 0x06052f70, 0x06160000)
  to   space 2176K,   0% used [0x05d20000, 0x05d20000, 0x05f40000)
 tenured generation   total 43712K, used 16075K [0x0f6a0000, 0x12150000, 0x24c00000)
   the space 43712K,  36% used [0x0f6a0000, 0x10652d20, 0x10652e00, 0x12150000)
 Metaspace       used 14658K, capacity 14891K, committed 14976K, reserved 15744K
Event: 21.972 GC heap after
Heap after GC invocations=9 (full 1):
 def new generation   total 19712K, used 354K [0x04c00000, 0x06160000, 0x0f6a0000)
  eden space 17536K,   0% used [0x04c00000, 0x04c00000, 0x05d20000)
  from space 2176K,  16% used [0x05d20000, 0x05d78840, 0x05f40000)
  to   space 2176K,   0% used [0x05f40000, 0x05f40000, 0x06160000)
 tenured generation   total 43712K, used 16236K [0x0f6a0000, 0x12150000, 0x24c00000)
   the space 43712K,  37% used [0x0f6a0000, 0x1067b128, 0x1067b200, 0x12150000)
 Metaspace       used 14658K, capacity 14891K, committed 14976K, reserved 15744K
}

