# JRE version: Java(TM) SE Runtime Environment (8.0_231-b11) (build 1.8.0_231-b11)
# Java VM: Java HotSpot(TM) Client VM (25.231-b11 mixed mode windows-x86 )
Heap:
 def new generation   total 19712K, used 10737K [0x04a00000, 0x05f60000, 0x0f4a0000)
  eden space 17536K,  53% used [0x04a00000, 0x0533c570, 0x05b20000)
  from space 2176K,  58% used [0x05b20000, 0x05c600c8, 0x05d40000)
  to   space 2176K,   0% used [0x05d40000, 0x05d40000, 0x05f60000)
 tenured generation   total 43712K, used 21352K [0x0f4a0000, 0x11f50000, 0x24a00000)
   the space 43712K,  48% used [0x0f4a0000, 0x1097a238, 0x1097a400, 0x11f50000)
 Metaspace       used 14243K, capacity 14475K, committed 14592K, reserved 14720K
GC Heap History (10 events):
Event: 24.879 GC heap before
{Heap before GC invocations=5 (full 1):
 def new generation   total 19712K, used 12522K [0x04a00000, 0x05f60000, 0x0f4a0000)
  eden space 17536K,  65% used [0x04a00000, 0x05535268, 0x05b20000)
  from space 2176K,  48% used [0x05d40000, 0x05e45968, 0x05f60000)
  to   space 2176K,   0% used [0x05b20000, 0x05b20000, 0x05d40000)
 tenured generation   total 43712K, used 14266K [0x0f4a0000, 0x11f50000, 0x24a00000)
   the space 43712K,  32% used [0x0f4a0000, 0x1028ebc8, 0x1028ec00, 0x11f50000)
 Metaspace       used 13612K, capacity 13833K, committed 13952K, reserved 14720K
Event: 24.880 GC heap after
Heap after GC invocations=6 (full 1):
 def new generation   total 19712K, used 1909K [0x04a00000, 0x05f60000, 0x0f4a0000)
  eden space 17536K,   0% used [0x04a00000, 0x04a00000, 0x05b20000)
  from space 2176K,  87% used [0x05b20000, 0x05cfd6a8, 0x05d40000)
  to   space 2176K,   0% used [0x05d40000, 0x05d40000, 0x05f60000)
 tenured generation   total 43712K, used 14266K [0x0f4a0000, 0x11f50000, 0x24a00000)
   the space 43712K,  32% used [0x0f4a0000, 0x1028ebc8, 0x1028ec00, 0x11f50000)
 Metaspace       used 13612K, capacity 13833K, committed 13952K, reserved 14720K
}
Event: 43.841 GC heap before
{Heap before GC invocations=6 (full 1):
 def new generation   total 19712K, used 18798K [0x04a00000, 0x05f60000, 0x0f4a0000)
  eden space 17536K,  96% used [0x04a00000, 0x05a7e1d8, 0x05b20000)
  from space 2176K,  87% used [0x05b20000, 0x05cfd6a8, 0x05d40000)
  to   space 2176K,   0% used [0x05d40000, 0x05d40000, 0x05f60000)
 tenured generation   total 43712K, used 14266K [0x0f4a0000, 0x11f50000, 0x24a00000)
   the space 43712K,  32% used [0x0f4a0000, 0x1028ebc8, 0x1028ec00, 0x11f50000)
 Metaspace       used 13632K, capacity 13865K, committed 13952K, reserved 14720K
Event: 43.846 GC heap after
Heap after GC invocations=7 (full 1):
 def new generation   total 19712K, used 773K [0x04a00000, 0x05f60000, 0x0f4a0000)
  eden space 17536K,   0% used [0x04a00000, 0x04a00000, 0x05b20000)
  from space 2176K,  35% used [0x05d40000, 0x05e01650, 0x05f60000)
  to   space 2176K,   0% used [0x05b20000, 0x05b20000, 0x05d40000)
 tenured generation   total 43712K, used 20974K [0x0f4a0000, 0x11f50000, 0x24a00000)
   the space 43712K,  47% used [0x0f4a0000, 0x1091b960, 0x1091ba00, 0x11f50000)
 Metaspace       used 13632K, capacity 13865K, committed 13952K, reserved 14720K
}
Event: 51.843 GC heap before
{Heap before GC invocations=7 (full 1):
 def new generation   total 19712K, used 18309K [0x04a00000, 0x05f60000, 0x0f4a0000)
  eden space 17536K, 100% used [0x04a00000, 0x05b20000, 0x05b20000)
  from space 2176K,  35% used [0x05d40000, 0x05e01650, 0x05f60000)
  to   space 2176K,   0% used [0x05b20000, 0x05b20000, 0x05d40000)
 tenured generation   total 43712K, used 20974K [0x0f4a0000, 0x11f50000, 0x24a00000)
   the space 43712K,  47% used [0x0f4a0000, 0x1091b960, 0x1091ba00, 0x11f50000)
 Metaspace       used 14008K, capacity 14249K, committed 14336K, reserved 14720K
Event: 51.847 GC heap after
Heap after GC invocations=8 (full 1):
 def new generation   total 19712K, used 812K [0x04a00000, 0x05f60000, 0x0f4a0000)
  eden space 17536K,   0% used [0x04a00000, 0x04a00000, 0x05b20000)
  from space 2176K,  37% used [0x05b20000, 0x05beb2d0, 0x05d40000)
  to   space 2176K,   0% used [0x05d40000, 0x05d40000, 0x05f60000)
 tenured generation   total 43712K, used 20974K [0x0f4a0000, 0x11f50000, 0x24a00000)
   the space 43712K,  47% used [0x0f4a0000, 0x1091b960, 0x1091ba00, 0x11f50000)
 Metaspace       used 14008K, capacity 14249K, committed 14336K, reserved 14720K
}
Event: 52.028 GC heap before
{Heap before GC invocations=8 (full 1):
 def new generation   total 19712K, used 18348K [0x04a00000, 0x05f60000, 0x0f4a0000)
  eden space 17536K, 100% used [0x04a00000, 0x05b20000, 0x05b20000)
  from space 2176K,  37% used [0x05b20000, 0x05beb2d0, 0x05d40000)
  to   space 2176K,   0% used [0x05d40000, 0x05d40000, 0x05f60000)
 tenured generation   total 43712K, used 20974K [0x0f4a0000, 0x11f50000, 0x24a00000)
   the space 43712K,  47% used [0x0f4a0000, 0x1091b960, 0x1091ba00, 0x11f50000)
 Metaspace       used 14010K, capacity 14249K, committed 14336K, reserved 14720K
Event: 52.031 GC heap after
Heap after GC invocations=9 (full 1):
 def new generation   total 19712K, used 1172K [0x04a00000, 0x05f60000, 0x0f4a0000)
  eden space 17536K,   0% used [0x04a00000, 0x04a00000, 0x05b20000)
  from space 2176K,  53% used [0x05d40000, 0x05e650d8, 0x05f60000)
  to   space 2176K,   0% used [0x05b20000, 0x05b20000, 0x05d40000)
 tenured generation   total 43712K, used 20974K [0x0f4a0000, 0x11f50000, 0x24a00000)
   the space 43712K,  47% used [0x0f4a0000, 0x1091b960, 0x1091ba00, 0x11f50000)
 Metaspace       used 14010K, capacity 14249K, committed 14336K, reserved 14720K
}
Event: 102.585 GC heap before
{Heap before GC invocations=9 (full 1):
 def new generation   total 19712K, used 17414K [0x04a00000, 0x05f60000, 0x0f4a0000)
  eden space 17536K,  92% used [0x04a00000, 0x059dc730, 0x05b20000)
  from space 2176K,  53% used [0x05d40000, 0x05e650d8, 0x05f60000)
  to   space 2176K,   0% used [0x05b20000, 0x05b20000, 0x05d40000)
 tenured generation   total 43712K, used 20974K [0x0f4a0000, 0x11f50000, 0x24a00000)
   the space 43712K,  47% used [0x0f4a0000, 0x1091b960, 0x1091ba00, 0x11f50000)
 Metaspace       used 14243K, capacity 14475K, committed 14592K, reserved 14720K
Event: 102.589 GC heap after
Heap after GC invocations=10 (full 1):
 def new generation   total 19712K, used 1280K [0x04a00000, 0x05f60000, 0x0f4a0000)
  eden space 17536K,   0% used [0x04a00000, 0x04a00000, 0x05b20000)
  from space 2176K,  58% used [0x05b20000, 0x05c600c8, 0x05d40000)
  to   space 2176K,   0% used [0x05d40000, 0x05d40000, 0x05f60000)
 tenured generation   total 43712K, used 21352K [0x0f4a0000, 0x11f50000, 0x24a00000)
   the space 43712K,  48% used [0x0f4a0000, 0x1097a238, 0x1097a400, 0x11f50000)
 Metaspace       used 14243K, capacity 14475K, committed 14592K, reserved 14720K
}

