# JRE version: Java(TM) SE Runtime Environment (8.0_231-b11) (build 1.8.0_231-b11)
# Java VM: Java HotSpot(TM) Client VM (25.231-b11 mixed mode windows-x86 )
Heap:
 def new generation   total 19712K, used 15952K [0x04800000, 0x05d60000, 0x0f2a0000)
  eden space 17536K,  85% used [0x04800000, 0x056a1968, 0x05920000)
  from space 2176K,  44% used [0x05920000, 0x05a129c0, 0x05b40000)
  to   space 2176K,   0% used [0x05b40000, 0x05b40000, 0x05d60000)
 tenured generation   total 43712K, used 14635K [0x0f2a0000, 0x11d50000, 0x24800000)
   the space 43712K,  33% used [0x0f2a0000, 0x100eac60, 0x100eae00, 0x11d50000)
 Metaspace       used 13860K, capacity 14091K, committed 14208K, reserved 14720K
GC Heap History (10 events):
Event: 1.842 GC heap before
{Heap before GC invocations=1 (full 0):
 def new generation   total 19648K, used 15154K [0x04800000, 0x05d50000, 0x0f2a0000)
  eden space 17472K,  74% used [0x04800000, 0x054acac0, 0x05910000)
  from space 2176K, 100% used [0x05b30000, 0x05d50000, 0x05d50000)
  to   space 2176K,   0% used [0x05910000, 0x05910000, 0x05b30000)
 tenured generation   total 43712K, used 1906K [0x0f2a0000, 0x11d50000, 0x24800000)
   the space 43712K,   4% used [0x0f2a0000, 0x0f47ca20, 0x0f47cc00, 0x11d50000)
 Metaspace       used 12042K, capacity 12225K, committed 12288K, reserved 12672K
Event: 1.865 GC heap after
Heap after GC invocations=2 (full 1):
 def new generation   total 19712K, used 0K [0x04800000, 0x05d60000, 0x0f2a0000)
  eden space 17536K,   0% used [0x04800000, 0x04800000, 0x05920000)
  from space 2176K,   0% used [0x05920000, 0x05920000, 0x05b40000)
  to   space 2176K,   0% used [0x05b40000, 0x05b40000, 0x05d60000)
 tenured generation   total 43712K, used 5564K [0x0f2a0000, 0x11d50000, 0x24800000)
   the space 43712K,  12% used [0x0f2a0000, 0x0f80f148, 0x0f80f200, 0x11d50000)
 Metaspace       used 12042K, capacity 12225K, committed 12288K, reserved 12672K
}
Event: 2.266 GC heap before
{Heap before GC invocations=2 (full 1):
 def new generation   total 19712K, used 17536K [0x04800000, 0x05d60000, 0x0f2a0000)
  eden space 17536K, 100% used [0x04800000, 0x05920000, 0x05920000)
  from space 2176K,   0% used [0x05920000, 0x05920000, 0x05b40000)
  to   space 2176K,   0% used [0x05b40000, 0x05b40000, 0x05d60000)
 tenured generation   total 43712K, used 5564K [0x0f2a0000, 0x11d50000, 0x24800000)
   the space 43712K,  12% used [0x0f2a0000, 0x0f80f148, 0x0f80f200, 0x11d50000)
 Metaspace       used 12171K, capacity 12385K, committed 12544K, reserved 12672K
Event: 2.269 GC heap after
Heap after GC invocations=3 (full 1):
 def new generation   total 19712K, used 535K [0x04800000, 0x05d60000, 0x0f2a0000)
  eden space 17536K,   0% used [0x04800000, 0x04800000, 0x05920000)
  from space 2176K,  24% used [0x05b40000, 0x05bc5f68, 0x05d60000)
  to   space 2176K,   0% used [0x05920000, 0x05920000, 0x05b40000)
 tenured generation   total 43712K, used 5564K [0x0f2a0000, 0x11d50000, 0x24800000)
   the space 43712K,  12% used [0x0f2a0000, 0x0f80f148, 0x0f80f200, 0x11d50000)
 Metaspace       used 12171K, capacity 12385K, committed 12544K, reserved 12672K
}
Event: 4.268 GC heap before
{Heap before GC invocations=3 (full 1):
 def new generation   total 19712K, used 16302K [0x04800000, 0x05d60000, 0x0f2a0000)
  eden space 17536K,  89% used [0x04800000, 0x05765bc0, 0x05920000)
  from space 2176K,  24% used [0x05b40000, 0x05bc5f68, 0x05d60000)
  to   space 2176K,   0% used [0x05920000, 0x05920000, 0x05b40000)
 tenured generation   total 43712K, used 5564K [0x0f2a0000, 0x11d50000, 0x24800000)
   the space 43712K,  12% used [0x0f2a0000, 0x0f80f148, 0x0f80f200, 0x11d50000)
 Metaspace       used 13067K, capacity 13321K, committed 13440K, reserved 13696K
Event: 4.285 GC heap after
Heap after GC invocations=4 (full 1):
 def new generation   total 19712K, used 1590K [0x04800000, 0x05d60000, 0x0f2a0000)
  eden space 17536K,   0% used [0x04800000, 0x04800000, 0x05920000)
  from space 2176K,  73% used [0x05920000, 0x05aada08, 0x05b40000)
  to   space 2176K,   0% used [0x05b40000, 0x05b40000, 0x05d60000)
 tenured generation   total 43712K, used 13071K [0x0f2a0000, 0x11d50000, 0x24800000)
   the space 43712K,  29% used [0x0f2a0000, 0x0ff63f58, 0x0ff64000, 0x11d50000)
 Metaspace       used 13067K, capacity 13321K, committed 13440K, reserved 13696K
}
Event: 9.698 GC heap before
{Heap before GC invocations=4 (full 1):
 def new generation   total 19712K, used 16328K [0x04800000, 0x05d60000, 0x0f2a0000)
  eden space 17536K,  84% used [0x04800000, 0x05664948, 0x05920000)
  from space 2176K,  73% used [0x05920000, 0x05aada08, 0x05b40000)
  to   space 2176K,   0% used [0x05b40000, 0x05b40000, 0x05d60000)
 tenured generation   total 43712K, used 13071K [0x0f2a0000, 0x11d50000, 0x24800000)
   the space 43712K,  29% used [0x0f2a0000, 0x0ff63f58, 0x0ff64000, 0x11d50000)
 Metaspace       used 13590K, capacity 13833K, committed 13952K, reserved 14720K
Event: 9.703 GC heap after
Heap after GC invocations=5 (full 1):
 def new generation   total 19712K, used 2176K [0x04800000, 0x05d60000, 0x0f2a0000)
  eden space 17536K,   0% used [0x04800000, 0x04800000, 0x05920000)
  from space 2176K, 100% used [0x05b40000, 0x05d60000, 0x05d60000)
  to   space 2176K,   0% used [0x05920000, 0x05920000, 0x05b40000)
 tenured generation   total 43712K, used 14529K [0x0f2a0000, 0x11d50000, 0x24800000)
   the space 43712K,  33% used [0x0f2a0000, 0x100d0708, 0x100d0800, 0x11d50000)
 Metaspace       used 13590K, capacity 13833K, committed 13952K, reserved 14720K
}
Event: 23.046 GC heap before
{Heap before GC invocations=5 (full 1):
 def new generation   total 19712K, used 19712K [0x04800000, 0x05d60000, 0x0f2a0000)
  eden space 17536K, 100% used [0x04800000, 0x05920000, 0x05920000)
  from space 2176K, 100% used [0x05b40000, 0x05d60000, 0x05d60000)
  to   space 2176K,   0% used [0x05920000, 0x05920000, 0x05b40000)
 tenured generation   total 43712K, used 14529K [0x0f2a0000, 0x11d50000, 0x24800000)
   the space 43712K,  33% used [0x0f2a0000, 0x100d0708, 0x100d0800, 0x11d50000)
 Metaspace       used 13639K, capacity 13865K, committed 13952K, reserved 14720K
Event: 23.049 GC heap after
Heap after GC invocations=6 (full 1):
 def new generation   total 19712K, used 970K [0x04800000, 0x05d60000, 0x0f2a0000)
  eden space 17536K,   0% used [0x04800000, 0x04800000, 0x05920000)
  from space 2176K,  44% used [0x05920000, 0x05a129c0, 0x05b40000)
  to   space 2176K,   0% used [0x05b40000, 0x05b40000, 0x05d60000)
 tenured generation   total 43712K, used 14635K [0x0f2a0000, 0x11d50000, 0x24800000)
   the space 43712K,  33% used [0x0f2a0000, 0x100eac60, 0x100eae00, 0x11d50000)
 Metaspace       used 13639K, capacity 13865K, committed 13952K, reserved 14720K
}

