# JRE version: Java(TM) SE Runtime Environment (8.0_231-b11) (build 1.8.0_231-b11)
# Java VM: Java HotSpot(TM) Client VM (25.231-b11 mixed mode windows-x86 )
Heap:
 def new generation   total 19712K, used 3100K [0x04800000, 0x05d60000, 0x0f2a0000)
  eden space 17536K,   5% used [0x04800000, 0x048e7068, 0x05920000)
  from space 2176K, 100% used [0x05920000, 0x05b40000, 0x05b40000)
  to   space 2176K,   0% used [0x05b40000, 0x05b40000, 0x05d60000)
 tenured generation   total 43712K, used 21025K [0x0f2a0000, 0x11d50000, 0x24800000)
   the space 43712K,  48% used [0x0f2a0000, 0x10728488, 0x10728600, 0x11d50000)
 Metaspace       used 14515K, capacity 14731K, committed 14848K, reserved 15744K
GC Heap History (10 events):
Event: 3.505 GC heap before
{Heap before GC invocations=2 (full 0):
 def new generation   total 19648K, used 18434K [0x04800000, 0x05d50000, 0x0f2a0000)
  eden space 17472K,  97% used [0x04800000, 0x058b5bb0, 0x05910000)
  from space 2176K,  60% used [0x05910000, 0x05a5ae20, 0x05b30000)
  to   space 2176K,   0% used [0x05b30000, 0x05b30000, 0x05d50000)
 tenured generation   total 43712K, used 2751K [0x0f2a0000, 0x11d50000, 0x24800000)
   the space 43712K,   6% used [0x0f2a0000, 0x0f54fec8, 0x0f550000, 0x11d50000)
 Metaspace       used 12036K, capacity 12212K, committed 12288K, reserved 12672K
Event: 3.535 GC heap after
Heap after GC invocations=3 (full 1):
 def new generation   total 19712K, used 0K [0x04800000, 0x05d60000, 0x0f2a0000)
  eden space 17536K,   0% used [0x04800000, 0x04800000, 0x05920000)
  from space 2176K,   0% used [0x05920000, 0x05920000, 0x05b40000)
  to   space 2176K,   0% used [0x05b40000, 0x05b40000, 0x05d60000)
 tenured generation   total 43712K, used 5027K [0x0f2a0000, 0x11d50000, 0x24800000)
   the space 43712K,  11% used [0x0f2a0000, 0x0f788d98, 0x0f788e00, 0x11d50000)
 Metaspace       used 12036K, capacity 12212K, committed 12288K, reserved 12672K
}
Event: 6.006 GC heap before
{Heap before GC invocations=3 (full 1):
 def new generation   total 19712K, used 17536K [0x04800000, 0x05d60000, 0x0f2a0000)
  eden space 17536K, 100% used [0x04800000, 0x05920000, 0x05920000)
  from space 2176K,   0% used [0x05920000, 0x05920000, 0x05b40000)
  to   space 2176K,   0% used [0x05b40000, 0x05b40000, 0x05d60000)
 tenured generation   total 43712K, used 5027K [0x0f2a0000, 0x11d50000, 0x24800000)
   the space 43712K,  11% used [0x0f2a0000, 0x0f788d98, 0x0f788e00, 0x11d50000)
 Metaspace       used 13247K, capacity 13475K, committed 13568K, reserved 13696K
Event: 6.013 GC heap after
Heap after GC invocations=4 (full 1):
 def new generation   total 19712K, used 1266K [0x04800000, 0x05d60000, 0x0f2a0000)
  eden space 17536K,   0% used [0x04800000, 0x04800000, 0x05920000)
  from space 2176K,  58% used [0x05b40000, 0x05c7c808, 0x05d60000)
  to   space 2176K,   0% used [0x05920000, 0x05920000, 0x05b40000)
 tenured generation   total 43712K, used 5027K [0x0f2a0000, 0x11d50000, 0x24800000)
   the space 43712K,  11% used [0x0f2a0000, 0x0f788d98, 0x0f788e00, 0x11d50000)
 Metaspace       used 13247K, capacity 13475K, committed 13568K, reserved 13696K
}
Event: 6.249 GC heap before
{Heap before GC invocations=4 (full 1):
 def new generation   total 19712K, used 18802K [0x04800000, 0x05d60000, 0x0f2a0000)
  eden space 17536K, 100% used [0x04800000, 0x05920000, 0x05920000)
  from space 2176K,  58% used [0x05b40000, 0x05c7c808, 0x05d60000)
  to   space 2176K,   0% used [0x05920000, 0x05920000, 0x05b40000)
 tenured generation   total 43712K, used 5027K [0x0f2a0000, 0x11d50000, 0x24800000)
   the space 43712K,  11% used [0x0f2a0000, 0x0f788d98, 0x0f788e00, 0x11d50000)
 Metaspace       used 13265K, capacity 13475K, committed 13568K, reserved 13696K
Event: 6.254 GC heap after
Heap after GC invocations=5 (full 1):
 def new generation   total 19712K, used 210K [0x04800000, 0x05d60000, 0x0f2a0000)
  eden space 17536K,   0% used [0x04800000, 0x04800000, 0x05920000)
  from space 2176K,   9% used [0x05920000, 0x05954868, 0x05b40000)
  to   space 2176K,   0% used [0x05b40000, 0x05b40000, 0x05d60000)
 tenured generation   total 43712K, used 5789K [0x0f2a0000, 0x11d50000, 0x24800000)
   the space 43712K,  13% used [0x0f2a0000, 0x0f8475e0, 0x0f847600, 0x11d50000)
 Metaspace       used 13265K, capacity 13475K, committed 13568K, reserved 13696K
}
Event: 69.685 GC heap before
{Heap before GC invocations=5 (full 1):
 def new generation   total 19712K, used 17399K [0x04800000, 0x05d60000, 0x0f2a0000)
  eden space 17536K,  98% used [0x04800000, 0x058c9740, 0x05920000)
  from space 2176K,   9% used [0x05920000, 0x05954868, 0x05b40000)
  to   space 2176K,   0% used [0x05b40000, 0x05b40000, 0x05d60000)
 tenured generation   total 43712K, used 5789K [0x0f2a0000, 0x11d50000, 0x24800000)
   the space 43712K,  13% used [0x0f2a0000, 0x0f8475e0, 0x0f847600, 0x11d50000)
 Metaspace       used 14447K, capacity 14667K, committed 14720K, reserved 14720K
Event: 69.690 GC heap after
Heap after GC invocations=6 (full 1):
 def new generation   total 19712K, used 1487K [0x04800000, 0x05d60000, 0x0f2a0000)
  eden space 17536K,   0% used [0x04800000, 0x04800000, 0x05920000)
  from space 2176K,  68% used [0x05b40000, 0x05cb3cf8, 0x05d60000)
  to   space 2176K,   0% used [0x05920000, 0x05920000, 0x05b40000)
 tenured generation   total 43712K, used 5789K [0x0f2a0000, 0x11d50000, 0x24800000)
   the space 43712K,  13% used [0x0f2a0000, 0x0f8475e0, 0x0f847600, 0x11d50000)
 Metaspace       used 14447K, capacity 14667K, committed 14720K, reserved 14720K
}
Event: 69.808 GC heap before
{Heap before GC invocations=6 (full 1):
 def new generation   total 19712K, used 19023K [0x04800000, 0x05d60000, 0x0f2a0000)
  eden space 17536K, 100% used [0x04800000, 0x05920000, 0x05920000)
  from space 2176K,  68% used [0x05b40000, 0x05cb3cf8, 0x05d60000)
  to   space 2176K,   0% used [0x05920000, 0x05920000, 0x05b40000)
 tenured generation   total 43712K, used 5789K [0x0f2a0000, 0x11d50000, 0x24800000)
   the space 43712K,  13% used [0x0f2a0000, 0x0f8475e0, 0x0f847600, 0x11d50000)
 Metaspace       used 14465K, capacity 14699K, committed 14848K, reserved 15744K
Event: 69.821 GC heap after
Heap after GC invocations=7 (full 1):
 def new generation   total 19712K, used 2176K [0x04800000, 0x05d60000, 0x0f2a0000)
  eden space 17536K,   0% used [0x04800000, 0x04800000, 0x05920000)
  from space 2176K, 100% used [0x05920000, 0x05b40000, 0x05b40000)
  to   space 2176K,   0% used [0x05b40000, 0x05b40000, 0x05d60000)
 tenured generation   total 43712K, used 21025K [0x0f2a0000, 0x11d50000, 0x24800000)
   the space 43712K,  48% used [0x0f2a0000, 0x10728488, 0x10728600, 0x11d50000)
 Metaspace       used 14465K, capacity 14699K, committed 14848K, reserved 15744K
}

